* using log directory ‘/home/josh/Documents/Github/Robust-Skew-t/robustST.Rcheck’
* using R version 3.0.2 (2013-09-25)
* using platform: x86_64-pc-linux-gnu (64-bit)
* using session charset: UTF-8
* checking for file ‘robustST/DESCRIPTION’ ... OK
* checking extension type ... Package
* this is package ‘robustST’ version ‘1.0.0’
* checking package namespace information ... OK
* checking package dependencies ... OK
* checking if this is a source package ... OK
* checking if there is a namespace ... OK
* checking for executable files ... OK
* checking for hidden files and directories ... OK
* checking for portable file names ... OK
* checking for sufficient/correct file permissions ... OK
* checking whether package ‘robustST’ can be installed ... OK
* checking installed package size ... OK
* checking package directory ... OK
* checking DESCRIPTION meta-information ... OK
* checking top-level files ... OK
* checking for left-over files ... OK
* checking index information ... OK
* checking package subdirectories ... OK
* checking R files for non-ASCII characters ... OK
* checking R files for syntax errors ... OK
* checking whether the package can be loaded ... OK
* checking whether the package can be loaded with stated dependencies ... OK
* checking whether the package can be unloaded cleanly ... OK
* checking whether the namespace can be loaded with stated dependencies ... OK
* checking whether the namespace can be unloaded cleanly ... OK
* checking loading without being on the library search path ... OK
* checking dependencies in R code ... NOTE
‘:::’ call which should be ‘::’: ‘sn:::rst’
  See the note in ?`:::` about the use of this operator.
See the information on DESCRIPTION files in the chapter ‘Creating R
packages’ of the ‘Writing R Extensions’ manual.
* checking S3 generic/method consistency ... OK
* checking replacement functions ... OK
* checking foreign function calls ... OK
* checking R code for possible problems ... NOTE
fast.TLE.BST : negLogLik: no visible global function definition for
  ‘dplist2optpar’
fast.TLE.BST : negLogLik : <anonymous>: no visible global function
  definition for ‘mst.pdev’
fast.TLE.ST : negLogLik: no visible binding for global variable
  ‘st.pdev’
mst.pdev.grad.robust : <anonymous>: no visible global function
  definition for ‘mst.pdev.grad’
mst.pdev.grad.robust : <anonymous>: no visible global function
  definition for ‘mst.pdev’
mst.pdev.robust : <anonymous>: no visible global function definition
  for ‘mst.pdev’
plot_results: no visible binding for global variable ‘xiEst’
plot_results: no visible binding for global variable ‘estimator’
plot_results: no visible binding for global variable ‘omegaEst’
plot_results: no visible binding for global variable ‘alphaEst’
plot_results: no visible binding for global variable ‘nuEst’
robustST: no visible global function definition for ‘st.cp2dp’
robustST : <anonymous>: no visible global function definition for
  ‘st.pdev’
robustST : <anonymous>: no visible global function definition for
  ‘st.pdev.gh’
robustST: no visible global function definition for ‘dplist2optpar’
robustST : <anonymous>: no visible global function definition for
  ‘mst.pdev’
robustST : <anonymous>: no visible global function definition for
  ‘mst.pdev.grad’
robustST: no visible global function definition for ‘optpar2dplist’
runSim: no visible global function definition for ‘denverParams’
runSim: no visible global function definition for ‘m2Angle’
runSim: no visible global function definition for ‘m2AngleRestrict’
st.pdev.gh.robust: no visible binding for global variable ‘st.pdev.gh’
st.pdev.gh.robust: no visible binding for global variable ‘st.pdev’
st.pdev.robust: no visible binding for global variable ‘st.pdev’
* checking Rd files ... OK
* checking Rd metadata ... OK
* checking Rd cross-references ... OK
* checking for missing documentation entries ... OK
* checking for code/documentation mismatches ... OK
* checking Rd \usage sections ... WARNING
Undocumented arguments in documentation object 'fast.TLE.BST'
  ‘...’

Undocumented arguments in documentation object 'fast.TLE.ST'
  ‘...’

Undocumented arguments in documentation object 'mst.pdev.grad.robust'
  ‘...’

Undocumented arguments in documentation object 'mst.pdev.robust'
  ‘...’

Undocumented arguments in documentation object 'robustST'
  ‘method’
Documented arguments not in \usage in documentation object 'robustST':
  ‘method:’

Undocumented arguments in documentation object 'runSim'
  ‘outSigma’ ‘Omega0’
Documented arguments not in \usage in documentation object 'runSim':
  ‘outSigma:’ ‘omega0’

Undocumented arguments in documentation object 'st.pdev.robust'
  ‘...’

Functions with \usage entries need to have the appropriate \alias
entries, and all their arguments documented.
The \usage entries must correspond to syntactically valid R code.
See the chapter ‘Writing R documentation files’ in the ‘Writing R
Extensions’ manual.
* checking Rd contents ... OK
* checking for unstated dependencies in examples ... OK
* checking examples ... NONE
* checking PDF version of manual ... OK
WARNING: There was 1 warning.
NOTE: There were 2 notes.
